<?xml version="1.0" encoding="UTF-8"?>
<!-- Generated by org.testng.reporters.JUnitReportReporter -->
<testsuite skipped="0" hostname="PARTHA-PC" name="com.kdcprima.qa.testcases.Demo" tests="1" failures="0" timestamp="23 Jun 2018 13:53:05 GMT" time="16.236" errors="0">
  <testcase name="demo" time="16.236" classname="com.kdcprima.qa.testcases.Demo"/>
</testsuite> <!-- com.kdcprima.qa.testcases.Demo -->
