<?xml version="1.0" encoding="UTF-8"?>
<!-- Generated by org.testng.reporters.JUnitReportReporter -->
<testsuite skipped="0" hostname="PARTHA-PC" name="com.kdcprima.qa.testcases.LoginTest" tests="1" failures="0" timestamp="23 Jun 2018 13:59:25 GMT" time="10.254" errors="0">
  <testcase name="loginTest" time="10.254" classname="com.kdcprima.qa.testcases.LoginTest"/>
</testsuite> <!-- com.kdcprima.qa.testcases.LoginTest -->
